0 info it worked if it ends with ok
1 verbose cli [ '/usr/local/bin/node', '/usr/local/bin/npm', 'run', 'build' ]
2 info using npm@3.8.9
3 info using node@v6.2.0
4 verbose run-script [ 'prebuild', 'build', 'postbuild' ]
5 info lifecycle muui@0.1.0~prebuild: muui@0.1.0
6 silly lifecycle muui@0.1.0~prebuild: no script for prebuild, continuing
7 info lifecycle muui@0.1.0~build: muui@0.1.0
8 verbose lifecycle muui@0.1.0~build: unsafe-perm in lifecycle true
9 verbose lifecycle muui@0.1.0~build: PATH: /usr/local/lib/node_modules/npm/bin/node-gyp-bin:/code/muui/node_modules/.bin:/usr/local/bin:/usr/local/bin:/usr/bin:/bin:/usr/sbin:/sbin:/Development/android-sdk/platform-tools:/Development/android-sdk/tools
10 verbose lifecycle muui@0.1.0~build: CWD: /code/muui
11 silly lifecycle muui@0.1.0~build: Args: [ '-c', 'gulp' ]
12 silly lifecycle muui@0.1.0~build: Returned: code: 1  signal: null
13 info lifecycle muui@0.1.0~build: Failed to exec build script
14 verbose stack Error: muui@0.1.0 build: `gulp`
14 verbose stack Exit status 1
14 verbose stack     at EventEmitter.<anonymous> (/usr/local/lib/node_modules/npm/lib/utils/lifecycle.js:245:16)
14 verbose stack     at emitTwo (events.js:106:13)
14 verbose stack     at EventEmitter.emit (events.js:191:7)
14 verbose stack     at ChildProcess.<anonymous> (/usr/local/lib/node_modules/npm/lib/utils/spawn.js:24:14)
14 verbose stack     at emitTwo (events.js:106:13)
14 verbose stack     at ChildProcess.emit (events.js:191:7)
14 verbose stack     at maybeClose (internal/child_process.js:850:16)
14 verbose stack     at Process.ChildProcess._handle.onexit (internal/child_process.js:215:5)
15 verbose pkgid muui@0.1.0
16 verbose cwd /code/muui
17 error Darwin 16.5.0
18 error argv "/usr/local/bin/node" "/usr/local/bin/npm" "run" "build"
19 error node v6.2.0
20 error npm  v3.8.9
21 error code ELIFECYCLE
22 error muui@0.1.0 build: `gulp`
22 error Exit status 1
23 error Failed at the muui@0.1.0 build script 'gulp'.
23 error Make sure you have the latest version of node.js and npm installed.
23 error If you do, this is most likely a problem with the muui package,
23 error not with npm itself.
23 error Tell the author that this fails on your system:
23 error     gulp
23 error You can get information on how to open an issue for this project with:
23 error     npm bugs muui
23 error Or if that isn't available, you can get their info via:
23 error     npm owner ls muui
23 error There is likely additional logging output above.
24 verbose exit [ 1, true ]
